Arguments: 
  /Users/cowboyd/.nvm/versions/node/v8.1.3/bin/node /usr/local/bin/yarn

PATH: 
  /usr/local/heroku/bin:/Users/cowboyd/Code/libv8/vendor/depot_tools:/Users/cowboyd/.nvm/versions/node/v8.1.3/bin:/Users/cowboyd/.cabal/bin:/Users/cowboyd/.rbenv/shims:/Users/cowboyd/.evm/bin:/usr/local/bin:/usr/local/sbin:/usr/bin:/bin:/usr/sbin:/sbin:/usr/local/MacGPG2/bin:/Users/cowboyd/Code/inGaged/go/bin

Yarn version: 
  0.27.5

Node version: 
  8.1.3

Platform: 
  darwin x64

npm manifest: 
  {
    "name": "ui-eholdings-demo",
    "version": "1.0.0",
    "description": "Demo chrome for the ui-eholdings application",
    "main": "index.js",
    "scripts": {
      "test": "echo \"Error: no test specified\" && exit 1",
      "start": "stripes dev stripes.config.js"
    },
    "author": "",
    "license": "ISC",
    "devDependencies": {
      "@folio/stripes-core": "^2.3.1",
      "@folio/eholdings": "file:../"
    }
  }

yarn manifest: 
  No manifest

Lockfile: 
  No lockfile

Trace: 
  Error: EACCES: permission denied, open '/Users/cowboyd/Code/EBSCO/folio-resource-management/platform/node_modules/@folio/eholdings/.git/objects/pack/pack-d4df531c42de3a73c24310fcd78a79d6dcc3ee82.idx'
